<?xml version="1.0" encoding="UTF-8"?>
<testsuites name="TS_LOOP" time="46.712" tests="3" failures="0" errors="0">
   <testsuite name="TS_LOOP" tests="3" failures="0" errors="0" time="46.712" skipped="0" timestamp="2023-01-19 17:59:25" hostname="ku2h_wicaksono - DESKTOP-Q4S3QVL" id="Test Suites/TS_LOOP">
      <properties>
         <property name="deviceName" value=""/>
         <property name="devicePlatform" value=""/>
         <property name="logFolder" value="C:\\Users\\ku2h_wicaksono\\git\\Faker_JavaLibrary_katalon\\Reports\\20230119_175917\\TS_LOOP\\20230119_175917"/>
         <property name="logFiles" value="C:\\Users\\ku2h_wicaksono\\git\\Faker_JavaLibrary_katalon\\Reports\\20230119_175917\\TS_LOOP\\20230119_175917\\execution0.log"/>
         <property name="attachments" value=""/>
         <property name="hostName" value="ku2h_wicaksono - DESKTOP-Q4S3QVL"/>
         <property name="os" value="Windows 10 64bit"/>
         <property name="katalonVersion" value="8.5.5.208"/>
         <property name="browser" value="Chrome 109.0.0.0"/>
         <property name="hostAddress" value="10.255.2.5"/>
         <property name="sessionId" value="365cb6abd806009aeb05aff8c9a717db"/>
         <property name="seleniumVersion" value="3.141.59"/>
         <property name="proxyInformation" value="ProxyInformation { proxyOption=NO_PROXY, proxyServerType=HTTP, username=, password=********, proxyServerAddress=, proxyServerPort=0, executionList=&quot;&quot;, isApplyToDesiredCapabilities=true }"/>
         <property name="platform" value="Windows 10"/>
      </properties>
      <testcase name="Test Cases/TC_Submit_data_random/TC_1" time="17.747" classname="Test Cases/TC_Submit_data_random/TC_1" status="PASSED">
         <system-out><![CDATA[2023-01-19 17:59:25 - [TEST_CASE][PASSED] - Test Cases/TC_Submit_data_random/TC_1: Test Cases/TC_Submit_data_random/TC_1

2023-01-19 17:59:26 - [TEST_STEP][PASSED] - faker = new com.github.javafaker.Faker(new java.util.Locale(id-ID)): null

2023-01-19 17:59:26 - [TEST_STEP][PASSED] - name = name().username(): null

2023-01-19 17:59:27 - [TEST_STEP][PASSED] - phone = phoneNumber().cellPhone(): null

2023-01-19 17:59:27 - [TEST_STEP][PASSED] - openBrowser(""): Browser is opened with url: ''

2023-01-19 17:59:27 - [MESSAGE][INFO] - Starting 'Chrome' driver

2023-01-19 17:59:28 - [MESSAGE][INFO] - Action delay is set to 0 milliseconds

2023-01-19 17:59:31 - [MESSAGE][PASSED] - Browser is opened with url: ''

2023-01-19 17:59:31 - [TEST_STEP][PASSED] - for ([i = 1, i < 2, (i++)]): Object: 'Object Repository/Page_Form Login/button_submit' is clicked on

2023-01-19 17:59:31 - [TEST_STEP][PASSED] - navigateToUrl("https://cfra321.github.io/loginJavaScript.github.io/?username=&password=&password="): Navigate to 'https://cfra321.github.io/loginJavaScript.github.io/?username=&password=&password=' successfully

2023-01-19 17:59:32 - [MESSAGE][PASSED] - Navigate to 'https://cfra321.github.io/loginJavaScript.github.io/?username=&password=&password=' successfully

2023-01-19 17:59:32 - [TEST_STEP][PASSED] - maximizeWindow(): Current window maximized

2023-01-19 17:59:32 - [MESSAGE][PASSED] - Current window maximized

2023-01-19 17:59:32 - [TEST_STEP][PASSED] - click(findTestObject("Object Repository/Page_Form Login/button_Klik Disini Untuk Mendaftar")): Object: 'Object Repository/Page_Form Login/button_Klik Disini Untuk Mendaftar' is clicked on

2023-01-19 17:59:33 - [MESSAGE][PASSED] - Object: 'Object Repository/Page_Form Login/button_Klik Disini Untuk Mendaftar' is clicked on

2023-01-19 17:59:33 - [TEST_STEP][PASSED] - delay(1): Delayed 1 second(s)

2023-01-19 17:59:34 - [MESSAGE][PASSED] - Delayed 1 second(s)

2023-01-19 17:59:34 - [TEST_STEP][PASSED] - setText(findTestObject("Object Repository/Page_Form Login/input_Nama User_username"), name): Text 'hengky.santoso' is set on object 'Object Repository/Page_Form Login/input_Nama User_username'

2023-01-19 17:59:35 - [MESSAGE][PASSED] - Text 'hengky.santoso' is set on object 'Object Repository/Page_Form Login/input_Nama User_username'

2023-01-19 17:59:35 - [TEST_STEP][PASSED] - delay(1): Delayed 1 second(s)

2023-01-19 17:59:36 - [MESSAGE][PASSED] - Delayed 1 second(s)

2023-01-19 17:59:36 - [TEST_STEP][PASSED] - setText(findTestObject("Object Repository/Page_Form Login/input_Nomor Handphone_username"), phone): Text '240-886-9029' is set on object 'Object Repository/Page_Form Login/input_Nomor Handphone_username'

2023-01-19 17:59:38 - [MESSAGE][PASSED] - Text '240-886-9029' is set on object 'Object Repository/Page_Form Login/input_Nomor Handphone_username'

2023-01-19 17:59:38 - [TEST_STEP][PASSED] - delay(1): Delayed 1 second(s)

2023-01-19 17:59:39 - [MESSAGE][PASSED] - Delayed 1 second(s)

2023-01-19 17:59:39 - [TEST_STEP][PASSED] - setText(findTestObject("Object Repository/Page_Form Login/input_Username_username"), name + "@gmail.com"): Text 'hengky.santoso@gmail.com' is set on object 'Object Repository/Page_Form Login/input_Username_username'

2023-01-19 17:59:40 - [MESSAGE][PASSED] - Text 'hengky.santoso@gmail.com' is set on object 'Object Repository/Page_Form Login/input_Username_username'

2023-01-19 17:59:40 - [TEST_STEP][PASSED] - delay(1): Delayed 1 second(s)

2023-01-19 17:59:41 - [MESSAGE][PASSED] - Delayed 1 second(s)

2023-01-19 17:59:41 - [TEST_STEP][PASSED] - setEncryptedText(findTestObject("Object Repository/Page_Form Login/input_Password_password"), "aeHFOx8jV/A="): Text ****** has been set on object 'Object Repository/Page_Form Login/input_Password_password'

2023-01-19 17:59:41 - [MESSAGE][PASSED] - Text ****** has been set on object 'Object Repository/Page_Form Login/input_Password_password'

2023-01-19 17:59:41 - [TEST_STEP][PASSED] - delay(1): Delayed 1 second(s)

2023-01-19 17:59:42 - [MESSAGE][PASSED] - Delayed 1 second(s)

2023-01-19 17:59:42 - [TEST_STEP][PASSED] - click(findTestObject("Object Repository/Page_Form Login/button_submit")): Object: 'Object Repository/Page_Form Login/button_submit' is clicked on

2023-01-19 17:59:43 - [MESSAGE][PASSED] - Object: 'Object Repository/Page_Form Login/button_submit' is clicked on]]></system-out>
         <system-err><![CDATA[]]></system-err>
      </testcase>
      <testcase name="Test Cases/TC_Submit_data_random/TC_1" time="13.79" classname="Test Cases/TC_Submit_data_random/TC_1" status="PASSED">
         <system-out><![CDATA[2023-01-19 17:59:43 - [TEST_CASE][PASSED] - Test Cases/TC_Submit_data_random/TC_1: Test Cases/TC_Submit_data_random/TC_1

2023-01-19 17:59:43 - [TEST_STEP][PASSED] - faker = new com.github.javafaker.Faker(new java.util.Locale(id-ID)): null

2023-01-19 17:59:43 - [TEST_STEP][PASSED] - name = name().username(): null

2023-01-19 17:59:43 - [TEST_STEP][PASSED] - phone = phoneNumber().cellPhone(): null

2023-01-19 17:59:43 - [TEST_STEP][PASSED] - openBrowser(""): Browser is opened with url: ''

2023-01-19 17:59:43 - [MESSAGE][WARNING] - A browser is already opened. Closing browser and opening a new one

2023-01-19 17:59:44 - [MESSAGE][INFO] - Starting 'Chrome' driver

2023-01-19 17:59:44 - [MESSAGE][INFO] - Action delay is set to 0 milliseconds

2023-01-19 17:59:46 - [MESSAGE][PASSED] - Browser is opened with url: ''

2023-01-19 17:59:46 - [TEST_STEP][PASSED] - for ([i = 1, i < 2, (i++)]): Object: 'Object Repository/Page_Form Login/button_submit' is clicked on

2023-01-19 17:59:46 - [TEST_STEP][PASSED] - navigateToUrl("https://cfra321.github.io/loginJavaScript.github.io/?username=&password=&password="): Navigate to 'https://cfra321.github.io/loginJavaScript.github.io/?username=&password=&password=' successfully

2023-01-19 17:59:47 - [MESSAGE][PASSED] - Navigate to 'https://cfra321.github.io/loginJavaScript.github.io/?username=&password=&password=' successfully

2023-01-19 17:59:47 - [TEST_STEP][PASSED] - maximizeWindow(): Current window maximized

2023-01-19 17:59:47 - [MESSAGE][PASSED] - Current window maximized

2023-01-19 17:59:47 - [TEST_STEP][PASSED] - click(findTestObject("Object Repository/Page_Form Login/button_Klik Disini Untuk Mendaftar")): Object: 'Object Repository/Page_Form Login/button_Klik Disini Untuk Mendaftar' is clicked on

2023-01-19 17:59:47 - [MESSAGE][PASSED] - Object: 'Object Repository/Page_Form Login/button_Klik Disini Untuk Mendaftar' is clicked on

2023-01-19 17:59:47 - [TEST_STEP][PASSED] - delay(1): Delayed 1 second(s)

2023-01-19 17:59:48 - [MESSAGE][PASSED] - Delayed 1 second(s)

2023-01-19 17:59:48 - [TEST_STEP][PASSED] - setText(findTestObject("Object Repository/Page_Form Login/input_Nama User_username"), name): Text 'unang.zaini' is set on object 'Object Repository/Page_Form Login/input_Nama User_username'

2023-01-19 17:59:49 - [MESSAGE][PASSED] - Text 'unang.zaini' is set on object 'Object Repository/Page_Form Login/input_Nama User_username'

2023-01-19 17:59:49 - [TEST_STEP][PASSED] - delay(1): Delayed 1 second(s)

2023-01-19 17:59:50 - [MESSAGE][PASSED] - Delayed 1 second(s)

2023-01-19 17:59:50 - [TEST_STEP][PASSED] - setText(findTestObject("Object Repository/Page_Form Login/input_Nomor Handphone_username"), phone): Text '045-547-1450' is set on object 'Object Repository/Page_Form Login/input_Nomor Handphone_username'

2023-01-19 17:59:51 - [MESSAGE][PASSED] - Text '045-547-1450' is set on object 'Object Repository/Page_Form Login/input_Nomor Handphone_username'

2023-01-19 17:59:51 - [TEST_STEP][PASSED] - delay(1): Delayed 1 second(s)

2023-01-19 17:59:52 - [MESSAGE][PASSED] - Delayed 1 second(s)

2023-01-19 17:59:52 - [TEST_STEP][PASSED] - setText(findTestObject("Object Repository/Page_Form Login/input_Username_username"), name + "@gmail.com"): Text 'unang.zaini@gmail.com' is set on object 'Object Repository/Page_Form Login/input_Username_username'

2023-01-19 17:59:53 - [MESSAGE][PASSED] - Text 'unang.zaini@gmail.com' is set on object 'Object Repository/Page_Form Login/input_Username_username'

2023-01-19 17:59:53 - [TEST_STEP][PASSED] - delay(1): Delayed 1 second(s)

2023-01-19 17:59:54 - [MESSAGE][PASSED] - Delayed 1 second(s)

2023-01-19 17:59:54 - [TEST_STEP][PASSED] - setEncryptedText(findTestObject("Object Repository/Page_Form Login/input_Password_password"), "aeHFOx8jV/A="): Text ****** has been set on object 'Object Repository/Page_Form Login/input_Password_password'

2023-01-19 17:59:55 - [MESSAGE][PASSED] - Text ****** has been set on object 'Object Repository/Page_Form Login/input_Password_password'

2023-01-19 17:59:55 - [TEST_STEP][PASSED] - delay(1): Delayed 1 second(s)

2023-01-19 17:59:56 - [MESSAGE][PASSED] - Delayed 1 second(s)

2023-01-19 17:59:56 - [TEST_STEP][PASSED] - click(findTestObject("Object Repository/Page_Form Login/button_submit")): Object: 'Object Repository/Page_Form Login/button_submit' is clicked on

2023-01-19 17:59:57 - [MESSAGE][PASSED] - Object: 'Object Repository/Page_Form Login/button_submit' is clicked on]]></system-out>
         <system-err><![CDATA[]]></system-err>
      </testcase>
      <testcase name="Test Cases/TC_Submit_data_random/TC_1" time="14.506" classname="Test Cases/TC_Submit_data_random/TC_1" status="PASSED">
         <system-out><![CDATA[2023-01-19 17:59:57 - [TEST_CASE][PASSED] - Test Cases/TC_Submit_data_random/TC_1: Test Cases/TC_Submit_data_random/TC_1

2023-01-19 17:59:57 - [TEST_STEP][PASSED] - faker = new com.github.javafaker.Faker(new java.util.Locale(id-ID)): null

2023-01-19 17:59:57 - [TEST_STEP][PASSED] - name = name().username(): null

2023-01-19 17:59:57 - [TEST_STEP][PASSED] - phone = phoneNumber().cellPhone(): null

2023-01-19 17:59:57 - [TEST_STEP][PASSED] - openBrowser(""): Browser is opened with url: ''

2023-01-19 17:59:57 - [MESSAGE][WARNING] - A browser is already opened. Closing browser and opening a new one

2023-01-19 17:59:58 - [MESSAGE][INFO] - Starting 'Chrome' driver

2023-01-19 17:59:58 - [MESSAGE][INFO] - Action delay is set to 0 milliseconds

2023-01-19 18:00:00 - [MESSAGE][PASSED] - Browser is opened with url: ''

2023-01-19 18:00:00 - [TEST_STEP][PASSED] - for ([i = 1, i < 2, (i++)]): Object: 'Object Repository/Page_Form Login/button_submit' is clicked on

2023-01-19 18:00:00 - [TEST_STEP][PASSED] - navigateToUrl("https://cfra321.github.io/loginJavaScript.github.io/?username=&password=&password="): Navigate to 'https://cfra321.github.io/loginJavaScript.github.io/?username=&password=&password=' successfully

2023-01-19 18:00:01 - [MESSAGE][PASSED] - Navigate to 'https://cfra321.github.io/loginJavaScript.github.io/?username=&password=&password=' successfully

2023-01-19 18:00:01 - [TEST_STEP][PASSED] - maximizeWindow(): Current window maximized

2023-01-19 18:00:01 - [MESSAGE][PASSED] - Current window maximized

2023-01-19 18:00:01 - [TEST_STEP][PASSED] - click(findTestObject("Object Repository/Page_Form Login/button_Klik Disini Untuk Mendaftar")): Object: 'Object Repository/Page_Form Login/button_Klik Disini Untuk Mendaftar' is clicked on

2023-01-19 18:00:02 - [MESSAGE][PASSED] - Object: 'Object Repository/Page_Form Login/button_Klik Disini Untuk Mendaftar' is clicked on

2023-01-19 18:00:02 - [TEST_STEP][PASSED] - delay(1): Delayed 1 second(s)

2023-01-19 18:00:03 - [MESSAGE][PASSED] - Delayed 1 second(s)

2023-01-19 18:00:03 - [TEST_STEP][PASSED] - setText(findTestObject("Object Repository/Page_Form Login/input_Nama User_username"), name): Text 'tito.ilham' is set on object 'Object Repository/Page_Form Login/input_Nama User_username'

2023-01-19 18:00:04 - [MESSAGE][PASSED] - Text 'tito.ilham' is set on object 'Object Repository/Page_Form Login/input_Nama User_username'

2023-01-19 18:00:04 - [TEST_STEP][PASSED] - delay(1): Delayed 1 second(s)

2023-01-19 18:00:05 - [MESSAGE][PASSED] - Delayed 1 second(s)

2023-01-19 18:00:05 - [TEST_STEP][PASSED] - setText(findTestObject("Object Repository/Page_Form Login/input_Nomor Handphone_username"), phone): Text '511.519.9867' is set on object 'Object Repository/Page_Form Login/input_Nomor Handphone_username'

2023-01-19 18:00:06 - [MESSAGE][PASSED] - Text '511.519.9867' is set on object 'Object Repository/Page_Form Login/input_Nomor Handphone_username'

2023-01-19 18:00:06 - [TEST_STEP][PASSED] - delay(1): Delayed 1 second(s)

2023-01-19 18:00:07 - [MESSAGE][PASSED] - Delayed 1 second(s)

2023-01-19 18:00:07 - [TEST_STEP][PASSED] - setText(findTestObject("Object Repository/Page_Form Login/input_Username_username"), name + "@gmail.com"): Text 'tito.ilham@gmail.com' is set on object 'Object Repository/Page_Form Login/input_Username_username'

2023-01-19 18:00:08 - [MESSAGE][PASSED] - Text 'tito.ilham@gmail.com' is set on object 'Object Repository/Page_Form Login/input_Username_username'

2023-01-19 18:00:08 - [TEST_STEP][PASSED] - delay(1): Delayed 1 second(s)

2023-01-19 18:00:09 - [MESSAGE][PASSED] - Delayed 1 second(s)

2023-01-19 18:00:09 - [TEST_STEP][PASSED] - setEncryptedText(findTestObject("Object Repository/Page_Form Login/input_Password_password"), "aeHFOx8jV/A="): Text ****** has been set on object 'Object Repository/Page_Form Login/input_Password_password'

2023-01-19 18:00:10 - [MESSAGE][PASSED] - Text ****** has been set on object 'Object Repository/Page_Form Login/input_Password_password'

2023-01-19 18:00:10 - [TEST_STEP][PASSED] - delay(1): Delayed 1 second(s)

2023-01-19 18:00:11 - [MESSAGE][PASSED] - Delayed 1 second(s)

2023-01-19 18:00:11 - [TEST_STEP][PASSED] - click(findTestObject("Object Repository/Page_Form Login/button_submit")): Object: 'Object Repository/Page_Form Login/button_submit' is clicked on

2023-01-19 18:00:11 - [MESSAGE][PASSED] - Object: 'Object Repository/Page_Form Login/button_submit' is clicked on]]></system-out>
         <system-err><![CDATA[]]></system-err>
      </testcase>
      <system-out><![CDATA[2023-01-19 17:59:25 - [TEST_SUITE][PASSED] - TS_LOOP: Test Cases/TC_Submit_data_random/TC_1]]></system-out>
      <system-err><![CDATA[]]></system-err>
   </testsuite>
</testsuites>
