<?xml version="1.0" encoding="UTF-8"?>
<testsuites name="TS_LOOP" time="32.769" tests="2" failures="0" errors="0">
   <testsuite name="TS_LOOP" tests="2" failures="0" errors="0" time="32.769" skipped="0" timestamp="2023-01-19 18:03:29" hostname="ku2h_wicaksono - DESKTOP-Q4S3QVL" id="Test Suites/TS_LOOP">
      <properties>
         <property name="deviceName" value=""/>
         <property name="devicePlatform" value=""/>
         <property name="logFolder" value="C:\\Users\\ku2h_wicaksono\\git\\Faker_JavaLibrary_katalon\\Reports\\20230119_180323\\TS_LOOP\\20230119_180323"/>
         <property name="logFiles" value="C:\\Users\\ku2h_wicaksono\\git\\Faker_JavaLibrary_katalon\\Reports\\20230119_180323\\TS_LOOP\\20230119_180323\\execution0.log"/>
         <property name="attachments" value=""/>
         <property name="hostName" value="ku2h_wicaksono - DESKTOP-Q4S3QVL"/>
         <property name="os" value="Windows 10 64bit"/>
         <property name="katalonVersion" value="8.5.5.208"/>
         <property name="browser" value="Chrome 109.0.0.0"/>
         <property name="hostAddress" value="10.255.2.5"/>
         <property name="sessionId" value="f84cc1fab884721b3ec275d9cba63d84"/>
         <property name="seleniumVersion" value="3.141.59"/>
         <property name="proxyInformation" value="ProxyInformation { proxyOption=NO_PROXY, proxyServerType=HTTP, username=, password=********, proxyServerAddress=, proxyServerPort=0, executionList=&quot;&quot;, isApplyToDesiredCapabilities=true }"/>
         <property name="platform" value="Windows 10"/>
      </properties>
      <testcase name="Test Cases/TC_Submit_data_random/TC_1" time="17.399" classname="Test Cases/TC_Submit_data_random/TC_1" status="PASSED">
         <system-out><![CDATA[2023-01-19 18:03:30 - [TEST_CASE][PASSED] - Test Cases/TC_Submit_data_random/TC_1: Test Cases/TC_Submit_data_random/TC_1

2023-01-19 18:03:31 - [TEST_STEP][PASSED] - faker = new com.github.javafaker.Faker(new java.util.Locale(id-ID)): null

2023-01-19 18:03:31 - [TEST_STEP][PASSED] - name = name().username(): null

2023-01-19 18:03:31 - [TEST_STEP][PASSED] - phone = phoneNumber().cellPhone(): null

2023-01-19 18:03:31 - [TEST_STEP][PASSED] - openBrowser(""): Browser is opened with url: ''

2023-01-19 18:03:32 - [MESSAGE][INFO] - Starting 'Chrome' driver

2023-01-19 18:03:32 - [MESSAGE][INFO] - Action delay is set to 0 milliseconds

2023-01-19 18:03:36 - [MESSAGE][PASSED] - Browser is opened with url: ''

2023-01-19 18:03:36 - [TEST_STEP][PASSED] - for ([i = 1, i < 2, (i++)]): Object: 'Object Repository/Page_Form Login/button_submit' is clicked on

2023-01-19 18:03:36 - [TEST_STEP][PASSED] - navigateToUrl("https://cfra321.github.io/loginJavaScript.github.io/?username=&password=&password="): Navigate to 'https://cfra321.github.io/loginJavaScript.github.io/?username=&password=&password=' successfully

2023-01-19 18:03:36 - [MESSAGE][PASSED] - Navigate to 'https://cfra321.github.io/loginJavaScript.github.io/?username=&password=&password=' successfully

2023-01-19 18:03:36 - [TEST_STEP][PASSED] - maximizeWindow(): Current window maximized

2023-01-19 18:03:36 - [MESSAGE][PASSED] - Current window maximized

2023-01-19 18:03:36 - [TEST_STEP][PASSED] - click(findTestObject("Object Repository/Page_Form Login/button_Klik Disini Untuk Mendaftar")): Object: 'Object Repository/Page_Form Login/button_Klik Disini Untuk Mendaftar' is clicked on

2023-01-19 18:03:37 - [MESSAGE][PASSED] - Object: 'Object Repository/Page_Form Login/button_Klik Disini Untuk Mendaftar' is clicked on

2023-01-19 18:03:37 - [TEST_STEP][PASSED] - delay(1): Delayed 1 second(s)

2023-01-19 18:03:38 - [MESSAGE][PASSED] - Delayed 1 second(s)

2023-01-19 18:03:38 - [TEST_STEP][PASSED] - setText(findTestObject("Object Repository/Page_Form Login/input_Nama User_username"), name): Text 'rosa.dinata' is set on object 'Object Repository/Page_Form Login/input_Nama User_username'

2023-01-19 18:03:40 - [MESSAGE][PASSED] - Text 'rosa.dinata' is set on object 'Object Repository/Page_Form Login/input_Nama User_username'

2023-01-19 18:03:40 - [TEST_STEP][PASSED] - delay(1): Delayed 1 second(s)

2023-01-19 18:03:41 - [MESSAGE][PASSED] - Delayed 1 second(s)

2023-01-19 18:03:41 - [TEST_STEP][PASSED] - setText(findTestObject("Object Repository/Page_Form Login/input_Nomor Handphone_username"), "+628-" + phone): Text '+628-956.629.8835' is set on object 'Object Repository/Page_Form Login/input_Nomor Handphone_username'

2023-01-19 18:03:42 - [MESSAGE][PASSED] - Text '+628-956.629.8835' is set on object 'Object Repository/Page_Form Login/input_Nomor Handphone_username'

2023-01-19 18:03:42 - [TEST_STEP][PASSED] - delay(1): Delayed 1 second(s)

2023-01-19 18:03:43 - [MESSAGE][PASSED] - Delayed 1 second(s)

2023-01-19 18:03:43 - [TEST_STEP][PASSED] - setText(findTestObject("Object Repository/Page_Form Login/input_Username_username"), name + "@gmail.com"): Text 'rosa.dinata@gmail.com' is set on object 'Object Repository/Page_Form Login/input_Username_username'

2023-01-19 18:03:44 - [MESSAGE][PASSED] - Text 'rosa.dinata@gmail.com' is set on object 'Object Repository/Page_Form Login/input_Username_username'

2023-01-19 18:03:44 - [TEST_STEP][PASSED] - delay(1): Delayed 1 second(s)

2023-01-19 18:03:45 - [MESSAGE][PASSED] - Delayed 1 second(s)

2023-01-19 18:03:45 - [TEST_STEP][PASSED] - setEncryptedText(findTestObject("Object Repository/Page_Form Login/input_Password_password"), "aeHFOx8jV/A="): Text ****** has been set on object 'Object Repository/Page_Form Login/input_Password_password'

2023-01-19 18:03:45 - [MESSAGE][PASSED] - Text ****** has been set on object 'Object Repository/Page_Form Login/input_Password_password'

2023-01-19 18:03:45 - [TEST_STEP][PASSED] - delay(1): Delayed 1 second(s)

2023-01-19 18:03:46 - [MESSAGE][PASSED] - Delayed 1 second(s)

2023-01-19 18:03:46 - [TEST_STEP][PASSED] - click(findTestObject("Object Repository/Page_Form Login/button_submit")): Object: 'Object Repository/Page_Form Login/button_submit' is clicked on

2023-01-19 18:03:47 - [MESSAGE][PASSED] - Object: 'Object Repository/Page_Form Login/button_submit' is clicked on]]></system-out>
         <system-err><![CDATA[]]></system-err>
      </testcase>
      <testcase name="Test Cases/TC_Submit_data_random/TC_1" time="14.692" classname="Test Cases/TC_Submit_data_random/TC_1" status="PASSED">
         <system-out><![CDATA[2023-01-19 18:03:47 - [TEST_CASE][PASSED] - Test Cases/TC_Submit_data_random/TC_1: Test Cases/TC_Submit_data_random/TC_1

2023-01-19 18:03:47 - [TEST_STEP][PASSED] - faker = new com.github.javafaker.Faker(new java.util.Locale(id-ID)): null

2023-01-19 18:03:47 - [TEST_STEP][PASSED] - name = name().username(): null

2023-01-19 18:03:47 - [TEST_STEP][PASSED] - phone = phoneNumber().cellPhone(): null

2023-01-19 18:03:47 - [TEST_STEP][PASSED] - openBrowser(""): Browser is opened with url: ''

2023-01-19 18:03:47 - [MESSAGE][WARNING] - A browser is already opened. Closing browser and opening a new one

2023-01-19 18:03:48 - [MESSAGE][INFO] - Starting 'Chrome' driver

2023-01-19 18:03:48 - [MESSAGE][INFO] - Action delay is set to 0 milliseconds

2023-01-19 18:03:51 - [MESSAGE][PASSED] - Browser is opened with url: ''

2023-01-19 18:03:51 - [TEST_STEP][PASSED] - for ([i = 1, i < 2, (i++)]): Object: 'Object Repository/Page_Form Login/button_submit' is clicked on

2023-01-19 18:03:51 - [TEST_STEP][PASSED] - navigateToUrl("https://cfra321.github.io/loginJavaScript.github.io/?username=&password=&password="): Navigate to 'https://cfra321.github.io/loginJavaScript.github.io/?username=&password=&password=' successfully

2023-01-19 18:03:51 - [MESSAGE][PASSED] - Navigate to 'https://cfra321.github.io/loginJavaScript.github.io/?username=&password=&password=' successfully

2023-01-19 18:03:51 - [TEST_STEP][PASSED] - maximizeWindow(): Current window maximized

2023-01-19 18:03:52 - [MESSAGE][PASSED] - Current window maximized

2023-01-19 18:03:52 - [TEST_STEP][PASSED] - click(findTestObject("Object Repository/Page_Form Login/button_Klik Disini Untuk Mendaftar")): Object: 'Object Repository/Page_Form Login/button_Klik Disini Untuk Mendaftar' is clicked on

2023-01-19 18:03:52 - [MESSAGE][PASSED] - Object: 'Object Repository/Page_Form Login/button_Klik Disini Untuk Mendaftar' is clicked on

2023-01-19 18:03:52 - [TEST_STEP][PASSED] - delay(1): Delayed 1 second(s)

2023-01-19 18:03:53 - [MESSAGE][PASSED] - Delayed 1 second(s)

2023-01-19 18:03:53 - [TEST_STEP][PASSED] - setText(findTestObject("Object Repository/Page_Form Login/input_Nama User_username"), name): Text 'aji.ikhsan' is set on object 'Object Repository/Page_Form Login/input_Nama User_username'

2023-01-19 18:03:54 - [MESSAGE][PASSED] - Text 'aji.ikhsan' is set on object 'Object Repository/Page_Form Login/input_Nama User_username'

2023-01-19 18:03:54 - [TEST_STEP][PASSED] - delay(1): Delayed 1 second(s)

2023-01-19 18:03:55 - [MESSAGE][PASSED] - Delayed 1 second(s)

2023-01-19 18:03:55 - [TEST_STEP][PASSED] - setText(findTestObject("Object Repository/Page_Form Login/input_Nomor Handphone_username"), "+628-" + phone): Text '+628-238-054-4610' is set on object 'Object Repository/Page_Form Login/input_Nomor Handphone_username'

2023-01-19 18:03:56 - [MESSAGE][PASSED] - Text '+628-238-054-4610' is set on object 'Object Repository/Page_Form Login/input_Nomor Handphone_username'

2023-01-19 18:03:56 - [TEST_STEP][PASSED] - delay(1): Delayed 1 second(s)

2023-01-19 18:03:57 - [MESSAGE][PASSED] - Delayed 1 second(s)

2023-01-19 18:03:57 - [TEST_STEP][PASSED] - setText(findTestObject("Object Repository/Page_Form Login/input_Username_username"), name + "@gmail.com"): Text 'aji.ikhsan@gmail.com' is set on object 'Object Repository/Page_Form Login/input_Username_username'

2023-01-19 18:03:58 - [MESSAGE][PASSED] - Text 'aji.ikhsan@gmail.com' is set on object 'Object Repository/Page_Form Login/input_Username_username'

2023-01-19 18:03:58 - [TEST_STEP][PASSED] - delay(1): Delayed 1 second(s)

2023-01-19 18:03:59 - [MESSAGE][PASSED] - Delayed 1 second(s)

2023-01-19 18:03:59 - [TEST_STEP][PASSED] - setEncryptedText(findTestObject("Object Repository/Page_Form Login/input_Password_password"), "aeHFOx8jV/A="): Text ****** has been set on object 'Object Repository/Page_Form Login/input_Password_password'

2023-01-19 18:04:00 - [MESSAGE][PASSED] - Text ****** has been set on object 'Object Repository/Page_Form Login/input_Password_password'

2023-01-19 18:04:00 - [TEST_STEP][PASSED] - delay(1): Delayed 1 second(s)

2023-01-19 18:04:01 - [MESSAGE][PASSED] - Delayed 1 second(s)

2023-01-19 18:04:01 - [TEST_STEP][PASSED] - click(findTestObject("Object Repository/Page_Form Login/button_submit")): Object: 'Object Repository/Page_Form Login/button_submit' is clicked on

2023-01-19 18:04:02 - [MESSAGE][PASSED] - Object: 'Object Repository/Page_Form Login/button_submit' is clicked on]]></system-out>
         <system-err><![CDATA[]]></system-err>
      </testcase>
      <system-out><![CDATA[2023-01-19 18:03:29 - [TEST_SUITE][PASSED] - TS_LOOP: Test Cases/TC_Submit_data_random/TC_1]]></system-out>
      <system-err><![CDATA[]]></system-err>
   </testsuite>
</testsuites>
