<?xml version="1.0" encoding="UTF-8"?>
<testsuites name="TS_LOOP" time="32.623" tests="2" failures="0" errors="0">
   <testsuite name="TS_LOOP" tests="2" failures="0" errors="0" time="32.623" skipped="0" timestamp="2023-01-19 14:59:43" hostname="ku2h_wicaksono - DESKTOP-Q4S3QVL" id="Test Suites/TS_LOOP">
      <properties>
         <property name="deviceName" value=""/>
         <property name="devicePlatform" value=""/>
         <property name="logFolder" value="C:\\Users\\ku2h_wicaksono\\git\\Faker_JavaLibrary_katalon\\Reports\\20230119_145936\\TS_LOOP\\20230119_145936"/>
         <property name="logFiles" value="C:\\Users\\ku2h_wicaksono\\git\\Faker_JavaLibrary_katalon\\Reports\\20230119_145936\\TS_LOOP\\20230119_145936\\execution0.log"/>
         <property name="attachments" value=""/>
         <property name="hostName" value="ku2h_wicaksono - DESKTOP-Q4S3QVL"/>
         <property name="os" value="Windows 10 64bit"/>
         <property name="katalonVersion" value="8.5.5.208"/>
         <property name="browser" value="Chrome 109.0.0.0"/>
         <property name="hostAddress" value="10.255.2.5"/>
         <property name="sessionId" value="8107287b51f8a405ef0009d1d5bd22d5"/>
         <property name="seleniumVersion" value="3.141.59"/>
         <property name="proxyInformation" value="ProxyInformation { proxyOption=NO_PROXY, proxyServerType=HTTP, username=, password=********, proxyServerAddress=, proxyServerPort=0, executionList=&quot;&quot;, isApplyToDesiredCapabilities=true }"/>
         <property name="platform" value="Windows 10"/>
      </properties>
      <testcase name="Test Cases/TC_Submit_data_random/TC_1" time="17.793" classname="Test Cases/TC_Submit_data_random/TC_1" status="PASSED">
         <system-out><![CDATA[2023-01-19 14:59:43 - [TEST_CASE][PASSED] - Test Cases/TC_Submit_data_random/TC_1: Test Cases/TC_Submit_data_random/TC_1

2023-01-19 14:59:44 - [TEST_STEP][PASSED] - faker = new com.github.javafaker.Faker(new java.util.Locale(id-ID)): null

2023-01-19 14:59:44 - [TEST_STEP][PASSED] - name = name().username(): null

2023-01-19 14:59:45 - [TEST_STEP][PASSED] - openBrowser(""): Browser is opened with url: ''

2023-01-19 14:59:46 - [MESSAGE][INFO] - Starting 'Chrome' driver

2023-01-19 14:59:46 - [MESSAGE][INFO] - Action delay is set to 0 milliseconds

2023-01-19 14:59:50 - [MESSAGE][PASSED] - Browser is opened with url: ''

2023-01-19 14:59:50 - [TEST_STEP][PASSED] - for ([i = 1, i < 2, (i++)]): Object: 'Object Repository/Page_Form Login/button_submit' is clicked on

2023-01-19 14:59:50 - [TEST_STEP][PASSED] - navigateToUrl("https://cfra321.github.io/loginJavaScript.github.io/?username=&password=&password="): Navigate to 'https://cfra321.github.io/loginJavaScript.github.io/?username=&password=&password=' successfully

2023-01-19 14:59:50 - [MESSAGE][PASSED] - Navigate to 'https://cfra321.github.io/loginJavaScript.github.io/?username=&password=&password=' successfully

2023-01-19 14:59:50 - [TEST_STEP][PASSED] - maximizeWindow(): Current window maximized

2023-01-19 14:59:50 - [MESSAGE][PASSED] - Current window maximized

2023-01-19 14:59:50 - [TEST_STEP][PASSED] - click(findTestObject("Object Repository/Page_Form Login/button_Klik Disini Untuk Mendaftar")): Object: 'Object Repository/Page_Form Login/button_Klik Disini Untuk Mendaftar' is clicked on

2023-01-19 14:59:51 - [MESSAGE][PASSED] - Object: 'Object Repository/Page_Form Login/button_Klik Disini Untuk Mendaftar' is clicked on

2023-01-19 14:59:51 - [TEST_STEP][PASSED] - delay(1): Delayed 1 second(s)

2023-01-19 14:59:52 - [MESSAGE][PASSED] - Delayed 1 second(s)

2023-01-19 14:59:52 - [TEST_STEP][PASSED] - setText(findTestObject("Object Repository/Page_Form Login/input_Nama User_username"), name): Text 'vanya.santoso' is set on object 'Object Repository/Page_Form Login/input_Nama User_username'

2023-01-19 14:59:54 - [MESSAGE][PASSED] - Text 'vanya.santoso' is set on object 'Object Repository/Page_Form Login/input_Nama User_username'

2023-01-19 14:59:54 - [TEST_STEP][PASSED] - delay(1): Delayed 1 second(s)

2023-01-19 14:59:55 - [MESSAGE][PASSED] - Delayed 1 second(s)

2023-01-19 14:59:55 - [TEST_STEP][PASSED] - setText(findTestObject("Object Repository/Page_Form Login/input_Nomor Handphone_username"), "082297334277"): Text '082297334277' is set on object 'Object Repository/Page_Form Login/input_Nomor Handphone_username'

2023-01-19 14:59:55 - [MESSAGE][PASSED] - Text '082297334277' is set on object 'Object Repository/Page_Form Login/input_Nomor Handphone_username'

2023-01-19 14:59:55 - [TEST_STEP][PASSED] - delay(1): Delayed 1 second(s)

2023-01-19 14:59:56 - [MESSAGE][PASSED] - Delayed 1 second(s)

2023-01-19 14:59:56 - [TEST_STEP][PASSED] - setText(findTestObject("Object Repository/Page_Form Login/input_Username_username"), name + "@gmail.com"): Text 'vanya.santoso@gmail.com' is set on object 'Object Repository/Page_Form Login/input_Username_username'

2023-01-19 14:59:58 - [MESSAGE][PASSED] - Text 'vanya.santoso@gmail.com' is set on object 'Object Repository/Page_Form Login/input_Username_username'

2023-01-19 14:59:58 - [TEST_STEP][PASSED] - delay(1): Delayed 1 second(s)

2023-01-19 14:59:59 - [MESSAGE][PASSED] - Delayed 1 second(s)

2023-01-19 14:59:59 - [TEST_STEP][PASSED] - setEncryptedText(findTestObject("Object Repository/Page_Form Login/input_Password_password"), "aeHFOx8jV/A="): Text ****** has been set on object 'Object Repository/Page_Form Login/input_Password_password'

2023-01-19 14:59:59 - [MESSAGE][PASSED] - Text ****** has been set on object 'Object Repository/Page_Form Login/input_Password_password'

2023-01-19 14:59:59 - [TEST_STEP][PASSED] - delay(1): Delayed 1 second(s)

2023-01-19 15:00:00 - [MESSAGE][PASSED] - Delayed 1 second(s)

2023-01-19 15:00:00 - [TEST_STEP][PASSED] - click(findTestObject("Object Repository/Page_Form Login/button_submit")): Object: 'Object Repository/Page_Form Login/button_submit' is clicked on

2023-01-19 15:00:01 - [MESSAGE][PASSED] - Object: 'Object Repository/Page_Form Login/button_submit' is clicked on]]></system-out>
         <system-err><![CDATA[]]></system-err>
      </testcase>
      <testcase name="Test Cases/TC_Submit_data_random/TC_1" time="14.141" classname="Test Cases/TC_Submit_data_random/TC_1" status="PASSED">
         <system-out><![CDATA[2023-01-19 15:00:01 - [TEST_CASE][PASSED] - Test Cases/TC_Submit_data_random/TC_1: Test Cases/TC_Submit_data_random/TC_1

2023-01-19 15:00:01 - [TEST_STEP][PASSED] - faker = new com.github.javafaker.Faker(new java.util.Locale(id-ID)): null

2023-01-19 15:00:01 - [TEST_STEP][PASSED] - name = name().username(): null

2023-01-19 15:00:01 - [TEST_STEP][PASSED] - openBrowser(""): Browser is opened with url: ''

2023-01-19 15:00:01 - [MESSAGE][WARNING] - A browser is already opened. Closing browser and opening a new one

2023-01-19 15:00:03 - [MESSAGE][INFO] - Starting 'Chrome' driver

2023-01-19 15:00:03 - [MESSAGE][INFO] - Action delay is set to 0 milliseconds

2023-01-19 15:00:04 - [MESSAGE][PASSED] - Browser is opened with url: ''

2023-01-19 15:00:04 - [TEST_STEP][PASSED] - for ([i = 1, i < 2, (i++)]): Object: 'Object Repository/Page_Form Login/button_submit' is clicked on

2023-01-19 15:00:04 - [TEST_STEP][PASSED] - navigateToUrl("https://cfra321.github.io/loginJavaScript.github.io/?username=&password=&password="): Navigate to 'https://cfra321.github.io/loginJavaScript.github.io/?username=&password=&password=' successfully

2023-01-19 15:00:05 - [MESSAGE][PASSED] - Navigate to 'https://cfra321.github.io/loginJavaScript.github.io/?username=&password=&password=' successfully

2023-01-19 15:00:05 - [TEST_STEP][PASSED] - maximizeWindow(): Current window maximized

2023-01-19 15:00:05 - [MESSAGE][PASSED] - Current window maximized

2023-01-19 15:00:05 - [TEST_STEP][PASSED] - click(findTestObject("Object Repository/Page_Form Login/button_Klik Disini Untuk Mendaftar")): Object: 'Object Repository/Page_Form Login/button_Klik Disini Untuk Mendaftar' is clicked on

2023-01-19 15:00:06 - [MESSAGE][PASSED] - Object: 'Object Repository/Page_Form Login/button_Klik Disini Untuk Mendaftar' is clicked on

2023-01-19 15:00:06 - [TEST_STEP][PASSED] - delay(1): Delayed 1 second(s)

2023-01-19 15:00:07 - [MESSAGE][PASSED] - Delayed 1 second(s)

2023-01-19 15:00:07 - [TEST_STEP][PASSED] - setText(findTestObject("Object Repository/Page_Form Login/input_Nama User_username"), name): Text 'toni.nurdiansyah' is set on object 'Object Repository/Page_Form Login/input_Nama User_username'

2023-01-19 15:00:08 - [MESSAGE][PASSED] - Text 'toni.nurdiansyah' is set on object 'Object Repository/Page_Form Login/input_Nama User_username'

2023-01-19 15:00:08 - [TEST_STEP][PASSED] - delay(1): Delayed 1 second(s)

2023-01-19 15:00:09 - [MESSAGE][PASSED] - Delayed 1 second(s)

2023-01-19 15:00:09 - [TEST_STEP][PASSED] - setText(findTestObject("Object Repository/Page_Form Login/input_Nomor Handphone_username"), "082297334277"): Text '082297334277' is set on object 'Object Repository/Page_Form Login/input_Nomor Handphone_username'

2023-01-19 15:00:10 - [MESSAGE][PASSED] - Text '082297334277' is set on object 'Object Repository/Page_Form Login/input_Nomor Handphone_username'

2023-01-19 15:00:10 - [TEST_STEP][PASSED] - delay(1): Delayed 1 second(s)

2023-01-19 15:00:11 - [MESSAGE][PASSED] - Delayed 1 second(s)

2023-01-19 15:00:11 - [TEST_STEP][PASSED] - setText(findTestObject("Object Repository/Page_Form Login/input_Username_username"), name + "@gmail.com"): Text 'toni.nurdiansyah@gmail.com' is set on object 'Object Repository/Page_Form Login/input_Username_username'

2023-01-19 15:00:12 - [MESSAGE][PASSED] - Text 'toni.nurdiansyah@gmail.com' is set on object 'Object Repository/Page_Form Login/input_Username_username'

2023-01-19 15:00:12 - [TEST_STEP][PASSED] - delay(1): Delayed 1 second(s)

2023-01-19 15:00:13 - [MESSAGE][PASSED] - Delayed 1 second(s)

2023-01-19 15:00:13 - [TEST_STEP][PASSED] - setEncryptedText(findTestObject("Object Repository/Page_Form Login/input_Password_password"), "aeHFOx8jV/A="): Text ****** has been set on object 'Object Repository/Page_Form Login/input_Password_password'

2023-01-19 15:00:13 - [MESSAGE][PASSED] - Text ****** has been set on object 'Object Repository/Page_Form Login/input_Password_password'

2023-01-19 15:00:13 - [TEST_STEP][PASSED] - delay(1): Delayed 1 second(s)

2023-01-19 15:00:14 - [MESSAGE][PASSED] - Delayed 1 second(s)

2023-01-19 15:00:14 - [TEST_STEP][PASSED] - click(findTestObject("Object Repository/Page_Form Login/button_submit")): Object: 'Object Repository/Page_Form Login/button_submit' is clicked on

2023-01-19 15:00:15 - [MESSAGE][PASSED] - Object: 'Object Repository/Page_Form Login/button_submit' is clicked on]]></system-out>
         <system-err><![CDATA[]]></system-err>
      </testcase>
      <system-out><![CDATA[2023-01-19 14:59:43 - [TEST_SUITE][PASSED] - TS_LOOP: Test Cases/TC_Submit_data_random/TC_1]]></system-out>
      <system-err><![CDATA[]]></system-err>
   </testsuite>
</testsuites>
